Arguments: 
  C:\Program Files\node.exe C:\Users\cecil\AppData\Roaming\npm\node_modules\yarn\bin\yarn.js add styled-components

PATH: 
  C:\Program Files\Common Files\Oracle\Java\javapath;C:\Windows\system32;C:\Windows;C:\Windows\System32\Wbem;C:\Windows\System32\WindowsPowerShell\v1.0\;C:\Windows\System32\OpenSSH\;C:\Program Files\Git\cmd;C:\Program Files\;C:\Program Files\dotnet\;C:\Program Files\Microsoft SQL Server\130\Tools\Binn\;C:\Program Files\Microsoft SQL Server\Client SDK\ODBC\170\Tools\Binn\;C:\Users\cecil\AppData\Local\Microsoft\WindowsApps;;C:\Users\cecil\Documents\Microsoft VS Code\bin;C:\Users\cecil\AppData\Roaming\npm;C:\Users\cecil\.dotnet\tools

Yarn version: 
  1.22.10

Node version: 
  14.16.1

Platform: 
  win32 x64

Trace: 
  Error: EPERM: operation not permitted, unlink 'C:\Users\cecil\Desktop\pé de food\pe-de-food\node_modules\esbuild\esbuild.exe'

npm manifest: 
  {
    "name": "ReplitReactjsProject",
    "version": "0.0.1",
    "scripts": {
      "dev": "vite",
      "build": "vite build",
      "serve": "vite preview"
    },
    "dependencies": {
      "@types/react": "^17.0.13",
      "@types/react-dom": "^17.0.8",
      "@vitejs/plugin-react-refresh": "^1.3.0",
      "react": "^17.0.2",
      "react-dom": "^17.0.2",
      "react-router-dom": "^5.3.0",
      "vite": "^2.3.8"
    }
  }

yarn manifest: 
  No manifest

Lockfile: 
  No lockfile
